<?xml version="1.0" encoding="UTF-8"?>
<!-- Generated by org.testng.reporters.JUnitXMLReporter -->
<testsuite hostname="HIXTESTERDSKTP1" ignored="0" name="LoginTest" tests="3" failures="0" timestamp="19 Jan 2018 22:18:05 GMT" time="0.946" errors="0">
  <testcase name="@BeforeSuite setUp" time="75.121" classname="com.g2a.base.TestBase">
    <failure type="org.openqa.selenium.WebDriverException" message="unknown error: Chrome failed to start: crashed
  (Driver info: chromedriver=2.30.477700 (0057494ad8732195794a7b32078424f92a5fce41),platform=Windows NT 6.1.7601 SP1 x86_64) (WARNING: The server did not provide any stacktrace information)
Command duration or timeout: 66.81 seconds
Build info: version: &amp;apos;2.53.1&amp;apos;, revision: &amp;apos;a36b8b1cd5757287168e54b817830adce9b0158d&amp;apos;, time: &amp;apos;2016-06-30 19:26:09&amp;apos;
System info: host: &amp;apos;HIXTESTERDSKTP1&amp;apos;, ip: &amp;apos;10.82.185.215&amp;apos;, os.name: &amp;apos;Windows 7&amp;apos;, os.arch: &amp;apos;amd64&amp;apos;, os.version: &amp;apos;6.1&amp;apos;, java.version: &amp;apos;1.8.0_121&amp;apos;
Driver info: org.openqa.selenium.chrome.ChromeDriver">
      <![CDATA[org.openqa.selenium.WebDriverException: unknown error: Chrome failed to start: crashed  (Driver info: chromedriver=2.30.477700 (0057494ad8732195794a7b32078424f92a5fce41),platform=Windows NT 6.1.7601 SP1 x86_64) (WARNING: The server did not provide any stacktrace information)Command duration or timeout: 66.81 secondsBuild info: version: '2.53.1', revision: 'a36b8b1cd5757287168e54b817830adce9b0158d', time: '2016-06-30 19:26:09'System info: host: 'HIXTESTERDSKTP1', ip: '10.82.185.215', os.name: 'Windows 7', os.arch: 'amd64', os.version: '6.1', java.version: '1.8.0_121'Driver info: org.openqa.selenium.chrome.ChromeDriverat org.openqa.selenium.remote.ErrorHandler.createThrowable(ErrorHandler.java:206)at org.openqa.selenium.remote.ErrorHandler.throwIfResponseFailed(ErrorHandler.java:158)at org.openqa.selenium.remote.RemoteWebDriver.execute(RemoteWebDriver.java:678)at org.openqa.selenium.remote.RemoteWebDriver.startSession(RemoteWebDriver.java:249)at org.openqa.selenium.remote.RemoteWebDriver.<init>(RemoteWebDriver.java:131)at org.openqa.selenium.remote.RemoteWebDriver.<init>(RemoteWebDriver.java:144)at org.openqa.selenium.chrome.ChromeDriver.<init>(ChromeDriver.java:170)at org.openqa.selenium.chrome.ChromeDriver.<init>(ChromeDriver.java:159)at org.openqa.selenium.chrome.ChromeDriver.<init>(ChromeDriver.java:148)at com.g2a.base.TestBase.setUp(TestBase.java:100)... Removed 24 stack frames]]>
    </failure>
  </testcase> <!-- @BeforeSuite setUp -->
  <testcase name="loginUserPortal" time="0.0" classname="com.g2a.testcases.LoginTest">
    <skipped/>
  </testcase> <!-- loginUserPortal -->
  <testcase name="loginUserPortal" time="0.0" classname="com.g2a.testcases.LoginTest">
    <skipped/>
  </testcase> <!-- loginUserPortal -->
  <testcase name="loginUserPortal" time="0.0" classname="com.g2a.testcases.LoginTest">
    <skipped/>
  </testcase> <!-- loginUserPortal -->
</testsuite> <!-- LoginTest -->
